This is pdfTeX, Version 3.141592653-2.6-1.40.24 (MiKTeX 22.7.30) (preloaded format=pdflatex 2022.8.13)  1 SEP 2022 23:36
entering extended mode
 restricted \write18 enabled.
 %&-line parsing enabled.
**./main.tex
(main.tex
LaTeX2e <2022-06-01> patch level 5
L3 programming layer <2022-08-05>
(C:\Users\Clément\AppData\Local\Programs\MiKTeX\tex/latex/base\report.cls
Document Class: report 2021/10/04 v1.4n Standard LaTeX document class
(C:\Users\Clément\AppData\Local\Programs\MiKTeX\tex/latex/base\size12.clo
File: size12.clo 2021/10/04 v1.4n Standard LaTeX file (size option)
)
\c@part=\count185
\c@chapter=\count186
\c@section=\count187
\c@subsection=\count188
\c@subsubsection=\count189
\c@paragraph=\count190
\c@subparagraph=\count191
\c@figure=\count192
\c@table=\count193
\abovecaptionskip=\skip47
\belowcaptionskip=\skip48
\bibindent=\dimen138
)
(0-Prelim/prelim.tex
(C:\Users\Clément\AppData\Local\Programs\MiKTeX\tex/latex/natbib\natbib.sty
Package: natbib 2010/09/13 8.31b (PWD, AO)
\bibhang=\skip49
\bibsep=\skip50
LaTeX Info: Redefining \cite on input line 694.
\c@NAT@ctr=\count194
)
(C:\Users\Clément\AppData\Local\Programs\MiKTeX\tex/latex/base\inputenc.sty
Package: inputenc 2021/02/14 v1.3d Input encoding file
\inpenc@prehook=\toks16
\inpenc@posthook=\toks17
)
(C:\Users\Clément\AppData\Local\Programs\MiKTeX\tex/latex/geometry\geometry.st
y
Package: geometry 2020/01/02 v5.9 Page Geometry

(C:\Users\Clément\AppData\Local\Programs\MiKTeX\tex/latex/graphics\keyval.sty
Package: keyval 2022/05/29 v1.15 key=value parser (DPC)
\KV@toks@=\toks18
) (C:\Users\Clément\AppData\Local\Programs\MiKTeX\tex/generic/iftex\ifvtex.sty
Package: ifvtex 2019/10/25 v1.7 ifvtex legacy package. Use iftex instead.

(C:\Users\Clément\AppData\Local\Programs\MiKTeX\tex/generic/iftex\iftex.sty
Package: iftex 2022/02/03 v1.0f TeX engine tests
))
\Gm@cnth=\count195
\Gm@cntv=\count196
\c@Gm@tempcnt=\count197
\Gm@bindingoffset=\dimen139
\Gm@wd@mp=\dimen140
\Gm@odd@mp=\dimen141
\Gm@even@mp=\dimen142
\Gm@layoutwidth=\dimen143
\Gm@layoutheight=\dimen144
\Gm@layouthoffset=\dimen145
\Gm@layoutvoffset=\dimen146
\Gm@dimlist=\toks19

(C:\Users\Clément\AppData\Local\Programs\MiKTeX\tex/latex/geometry\geometry.cf
g))
(C:\Users\Clément\AppData\Local\Programs\MiKTeX\tex/latex/graphics\graphicx.st
y
Package: graphicx 2021/09/16 v1.2d Enhanced LaTeX Graphics (DPC,SPQR)

(C:\Users\Clément\AppData\Local\Programs\MiKTeX\tex/latex/graphics\graphics.st
y
Package: graphics 2022/03/10 v1.4e Standard LaTeX Graphics (DPC,SPQR)
 (C:\Users\Clément\AppData\Local\Programs\MiKTeX\tex/latex/graphics\trig.sty
Package: trig 2021/08/11 v1.11 sin cos tan (DPC)
)
(C:\Users\Clément\AppData\Local\Programs\MiKTeX\tex/latex/graphics-cfg\graphic
s.cfg
File: graphics.cfg 2016/06/04 v1.11 sample graphics configuration
)
Package graphics Info: Driver file: pdftex.def on input line 107.

(C:\Users\Clément\AppData\Local\Programs\MiKTeX\tex/latex/graphics-def\pdftex.
def
File: pdftex.def 2020/10/05 v1.2a Graphics/color driver for pdftex
))
\Gin@req@height=\dimen147
\Gin@req@width=\dimen148
)
(C:\Users\Clément\AppData\Local\Programs\MiKTeX\tex/latex/appendix\appendix.st
y
Package: appendix 2020/02/08 v1.2c extra appendix facilities
\c@@pps=\count198
\c@@ppsavesec=\count199
\c@@ppsaveapp=\count266
)
(C:\Users\Clément\AppData\Local\Programs\MiKTeX\tex/latex/todonotes\todonotes.
sty
Package: todonotes 2021/06/04 v1.1.5 Todonotes source and documentation.
Package: todonotes 2021/06/04
 (C:\Users\Clément\AppData\Local\Programs\MiKTeX\tex/latex/base\ifthen.sty
Package: ifthen 2022/04/13 v1.1d Standard LaTeX ifthen package (DPC)
) (C:\Users\Clément\AppData\Local\Programs\MiKTeX\tex/latex/xkeyval\xkeyval.st
y
Package: xkeyval 2022/06/16 v2.9 package option processing (HA)

(C:\Users\Clément\AppData\Local\Programs\MiKTeX\tex/generic/xkeyval\xkeyval.te
x
(C:\Users\Clément\AppData\Local\Programs\MiKTeX\tex/generic/xkeyval\xkvutils.t
ex
\XKV@toks=\toks20
\XKV@tempa@toks=\toks21
)
\XKV@depth=\count267
File: xkeyval.tex 2014/12/03 v2.7a key=value parser (HA)
))
(C:\Users\Clément\AppData\Local\Programs\MiKTeX\tex/latex/xcolor\xcolor.sty
Package: xcolor 2022/06/12 v2.14 LaTeX color extensions (UK)

(C:\Users\Clément\AppData\Local\Programs\MiKTeX\tex/latex/graphics-cfg\color.c
fg
File: color.cfg 2016/01/02 v1.6 sample color configuration
)
Package xcolor Info: Driver file: pdftex.def on input line 227.

(C:\Users\Clément\AppData\Local\Programs\MiKTeX\tex/latex-dev/graphics\mathcol
or.ltx)
Package xcolor Info: Model `cmy' substituted by `cmy0' on input line 1353.
Package xcolor Info: Model `hsb' substituted by `rgb' on input line 1357.
Package xcolor Info: Model `RGB' extended on input line 1369.
Package xcolor Info: Model `HTML' substituted by `rgb' on input line 1371.
Package xcolor Info: Model `Hsb' substituted by `hsb' on input line 1372.
Package xcolor Info: Model `tHsb' substituted by `hsb' on input line 1373.
Package xcolor Info: Model `HSB' substituted by `hsb' on input line 1374.
Package xcolor Info: Model `Gray' substituted by `gray' on input line 1375.
Package xcolor Info: Model `wave' substituted by `hsb' on input line 1376.
)
(C:\Users\Clément\AppData\Local\Programs\MiKTeX\tex/latex/pgf/frontendlayer\ti
kz.sty
(C:\Users\Clément\AppData\Local\Programs\MiKTeX\tex/latex/pgf/basiclayer\pgf.s
ty
(C:\Users\Clément\AppData\Local\Programs\MiKTeX\tex/latex/pgf/utilities\pgfrcs
.sty
(C:\Users\Clément\AppData\Local\Programs\MiKTeX\tex/generic/pgf/utilities\pgfu
til-common.tex
\pgfutil@everybye=\toks22
\pgfutil@tempdima=\dimen149
\pgfutil@tempdimb=\dimen150

(C:\Users\Clément\AppData\Local\Programs\MiKTeX\tex/generic/pgf/utilities\pgfu
til-common-lists.tex))
(C:\Users\Clément\AppData\Local\Programs\MiKTeX\tex/generic/pgf/utilities\pgfu
til-latex.def
\pgfutil@abb=\box51
)
(C:\Users\Clément\AppData\Local\Programs\MiKTeX\tex/generic/pgf/utilities\pgfr
cs.code.tex
(C:\Users\Clément\AppData\Local\Programs\MiKTeX\tex/generic/pgf\pgf.revision.t
ex)
Package: pgfrcs 2021/05/15 v3.1.9a (3.1.9a)
))
Package: pgf 2021/05/15 v3.1.9a (3.1.9a)

(C:\Users\Clément\AppData\Local\Programs\MiKTeX\tex/latex/pgf/basiclayer\pgfco
re.sty
(C:\Users\Clément\AppData\Local\Programs\MiKTeX\tex/latex/pgf/systemlayer\pgfs
ys.sty
(C:\Users\Clément\AppData\Local\Programs\MiKTeX\tex/generic/pgf/systemlayer\pg
fsys.code.tex
Package: pgfsys 2021/05/15 v3.1.9a (3.1.9a)

(C:\Users\Clément\AppData\Local\Programs\MiKTeX\tex/generic/pgf/utilities\pgfk
eys.code.tex
\pgfkeys@pathtoks=\toks23
\pgfkeys@temptoks=\toks24

(C:\Users\Clément\AppData\Local\Programs\MiKTeX\tex/generic/pgf/utilities\pgfk
eysfiltered.code.tex
\pgfkeys@tmptoks=\toks25
))
\pgf@x=\dimen151
\pgf@y=\dimen152
\pgf@xa=\dimen153
\pgf@ya=\dimen154
\pgf@xb=\dimen155
\pgf@yb=\dimen156
\pgf@xc=\dimen157
\pgf@yc=\dimen158
\pgf@xd=\dimen159
\pgf@yd=\dimen160
\w@pgf@writea=\write3
\r@pgf@reada=\read2
\c@pgf@counta=\count268
\c@pgf@countb=\count269
\c@pgf@countc=\count270
\c@pgf@countd=\count271
\t@pgf@toka=\toks26
\t@pgf@tokb=\toks27
\t@pgf@tokc=\toks28
\pgf@sys@id@count=\count272

(C:\Users\Clément\AppData\Local\Programs\MiKTeX\tex/generic/pgf/systemlayer\pg
f.cfg
File: pgf.cfg 2021/05/15 v3.1.9a (3.1.9a)
)
Driver file for pgf: pgfsys-pdftex.def

(C:\Users\Clément\AppData\Local\Programs\MiKTeX\tex/generic/pgf/systemlayer\pg
fsys-pdftex.def
File: pgfsys-pdftex.def 2021/05/15 v3.1.9a (3.1.9a)

(C:\Users\Clément\AppData\Local\Programs\MiKTeX\tex/generic/pgf/systemlayer\pg
fsys-common-pdf.def
File: pgfsys-common-pdf.def 2021/05/15 v3.1.9a (3.1.9a)
)))
(C:\Users\Clément\AppData\Local\Programs\MiKTeX\tex/generic/pgf/systemlayer\pg
fsyssoftpath.code.tex
File: pgfsyssoftpath.code.tex 2021/05/15 v3.1.9a (3.1.9a)
\pgfsyssoftpath@smallbuffer@items=\count273
\pgfsyssoftpath@bigbuffer@items=\count274
)
(C:\Users\Clément\AppData\Local\Programs\MiKTeX\tex/generic/pgf/systemlayer\pg
fsysprotocol.code.tex
File: pgfsysprotocol.code.tex 2021/05/15 v3.1.9a (3.1.9a)
))
(C:\Users\Clément\AppData\Local\Programs\MiKTeX\tex/generic/pgf/basiclayer\pgf
core.code.tex
Package: pgfcore 2021/05/15 v3.1.9a (3.1.9a)

(C:\Users\Clément\AppData\Local\Programs\MiKTeX\tex/generic/pgf/math\pgfmath.c
ode.tex
(C:\Users\Clément\AppData\Local\Programs\MiKTeX\tex/generic/pgf/math\pgfmathca
lc.code.tex
(C:\Users\Clément\AppData\Local\Programs\MiKTeX\tex/generic/pgf/math\pgfmathut
il.code.tex)
(C:\Users\Clément\AppData\Local\Programs\MiKTeX\tex/generic/pgf/math\pgfmathpa
rser.code.tex
\pgfmath@dimen=\dimen161
\pgfmath@count=\count275
\pgfmath@box=\box52
\pgfmath@toks=\toks29
\pgfmath@stack@operand=\toks30
\pgfmath@stack@operation=\toks31
)
(C:\Users\Clément\AppData\Local\Programs\MiKTeX\tex/generic/pgf/math\pgfmathfu
nctions.code.tex
(C:\Users\Clément\AppData\Local\Programs\MiKTeX\tex/generic/pgf/math\pgfmathfu
nctions.basic.code.tex)
(C:\Users\Clément\AppData\Local\Programs\MiKTeX\tex/generic/pgf/math\pgfmathfu
nctions.trigonometric.code.tex)
(C:\Users\Clément\AppData\Local\Programs\MiKTeX\tex/generic/pgf/math\pgfmathfu
nctions.random.code.tex)
(C:\Users\Clément\AppData\Local\Programs\MiKTeX\tex/generic/pgf/math\pgfmathfu
nctions.comparison.code.tex)
(C:\Users\Clément\AppData\Local\Programs\MiKTeX\tex/generic/pgf/math\pgfmathfu
nctions.base.code.tex)
(C:\Users\Clément\AppData\Local\Programs\MiKTeX\tex/generic/pgf/math\pgfmathfu
nctions.round.code.tex)
(C:\Users\Clément\AppData\Local\Programs\MiKTeX\tex/generic/pgf/math\pgfmathfu
nctions.misc.code.tex)
(C:\Users\Clément\AppData\Local\Programs\MiKTeX\tex/generic/pgf/math\pgfmathfu
nctions.integerarithmetics.code.tex)))
(C:\Users\Clément\AppData\Local\Programs\MiKTeX\tex/generic/pgf/math\pgfmathfl
oat.code.tex
\c@pgfmathroundto@lastzeros=\count276
))
(C:\Users\Clément\AppData\Local\Programs\MiKTeX\tex/generic/pgf/math\pgfint.co
de.tex)
(C:\Users\Clément\AppData\Local\Programs\MiKTeX\tex/generic/pgf/basiclayer\pgf
corepoints.code.tex
File: pgfcorepoints.code.tex 2021/05/15 v3.1.9a (3.1.9a)
\pgf@picminx=\dimen162
\pgf@picmaxx=\dimen163
\pgf@picminy=\dimen164
\pgf@picmaxy=\dimen165
\pgf@pathminx=\dimen166
\pgf@pathmaxx=\dimen167
\pgf@pathminy=\dimen168
\pgf@pathmaxy=\dimen169
\pgf@xx=\dimen170
\pgf@xy=\dimen171
\pgf@yx=\dimen172
\pgf@yy=\dimen173
\pgf@zx=\dimen174
\pgf@zy=\dimen175
)
(C:\Users\Clément\AppData\Local\Programs\MiKTeX\tex/generic/pgf/basiclayer\pgf
corepathconstruct.code.tex
File: pgfcorepathconstruct.code.tex 2021/05/15 v3.1.9a (3.1.9a)
\pgf@path@lastx=\dimen176
\pgf@path@lasty=\dimen177
)
(C:\Users\Clément\AppData\Local\Programs\MiKTeX\tex/generic/pgf/basiclayer\pgf
corepathusage.code.tex
File: pgfcorepathusage.code.tex 2021/05/15 v3.1.9a (3.1.9a)
\pgf@shorten@end@additional=\dimen178
\pgf@shorten@start@additional=\dimen179
)
(C:\Users\Clément\AppData\Local\Programs\MiKTeX\tex/generic/pgf/basiclayer\pgf
corescopes.code.tex
File: pgfcorescopes.code.tex 2021/05/15 v3.1.9a (3.1.9a)
\pgfpic=\box53
\pgf@hbox=\box54
\pgf@layerbox@main=\box55
\pgf@picture@serial@count=\count277
)
(C:\Users\Clément\AppData\Local\Programs\MiKTeX\tex/generic/pgf/basiclayer\pgf
coregraphicstate.code.tex
File: pgfcoregraphicstate.code.tex 2021/05/15 v3.1.9a (3.1.9a)
\pgflinewidth=\dimen180
)
(C:\Users\Clément\AppData\Local\Programs\MiKTeX\tex/generic/pgf/basiclayer\pgf
coretransformations.code.tex
File: pgfcoretransformations.code.tex 2021/05/15 v3.1.9a (3.1.9a)
\pgf@pt@x=\dimen181
\pgf@pt@y=\dimen182
\pgf@pt@temp=\dimen183
)
(C:\Users\Clément\AppData\Local\Programs\MiKTeX\tex/generic/pgf/basiclayer\pgf
corequick.code.tex
File: pgfcorequick.code.tex 2021/05/15 v3.1.9a (3.1.9a)
)
(C:\Users\Clément\AppData\Local\Programs\MiKTeX\tex/generic/pgf/basiclayer\pgf
coreobjects.code.tex
File: pgfcoreobjects.code.tex 2021/05/15 v3.1.9a (3.1.9a)
)
(C:\Users\Clément\AppData\Local\Programs\MiKTeX\tex/generic/pgf/basiclayer\pgf
corepathprocessing.code.tex
File: pgfcorepathprocessing.code.tex 2021/05/15 v3.1.9a (3.1.9a)
)
(C:\Users\Clément\AppData\Local\Programs\MiKTeX\tex/generic/pgf/basiclayer\pgf
corearrows.code.tex
File: pgfcorearrows.code.tex 2021/05/15 v3.1.9a (3.1.9a)
\pgfarrowsep=\dimen184
)
(C:\Users\Clément\AppData\Local\Programs\MiKTeX\tex/generic/pgf/basiclayer\pgf
coreshade.code.tex
File: pgfcoreshade.code.tex 2021/05/15 v3.1.9a (3.1.9a)
\pgf@max=\dimen185
\pgf@sys@shading@range@num=\count278
\pgf@shadingcount=\count279
)
(C:\Users\Clément\AppData\Local\Programs\MiKTeX\tex/generic/pgf/basiclayer\pgf
coreimage.code.tex
File: pgfcoreimage.code.tex 2021/05/15 v3.1.9a (3.1.9a)

(C:\Users\Clément\AppData\Local\Programs\MiKTeX\tex/generic/pgf/basiclayer\pgf
coreexternal.code.tex
File: pgfcoreexternal.code.tex 2021/05/15 v3.1.9a (3.1.9a)
\pgfexternal@startupbox=\box56
))
(C:\Users\Clément\AppData\Local\Programs\MiKTeX\tex/generic/pgf/basiclayer\pgf
corelayers.code.tex
File: pgfcorelayers.code.tex 2021/05/15 v3.1.9a (3.1.9a)
)
(C:\Users\Clément\AppData\Local\Programs\MiKTeX\tex/generic/pgf/basiclayer\pgf
coretransparency.code.tex
File: pgfcoretransparency.code.tex 2021/05/15 v3.1.9a (3.1.9a)
)
(C:\Users\Clément\AppData\Local\Programs\MiKTeX\tex/generic/pgf/basiclayer\pgf
corepatterns.code.tex
File: pgfcorepatterns.code.tex 2021/05/15 v3.1.9a (3.1.9a)
)
(C:\Users\Clément\AppData\Local\Programs\MiKTeX\tex/generic/pgf/basiclayer\pgf
corerdf.code.tex
File: pgfcorerdf.code.tex 2021/05/15 v3.1.9a (3.1.9a)
)))
(C:\Users\Clément\AppData\Local\Programs\MiKTeX\tex/generic/pgf/modules\pgfmod
uleshapes.code.tex
File: pgfmoduleshapes.code.tex 2021/05/15 v3.1.9a (3.1.9a)
\pgfnodeparttextbox=\box57
)
(C:\Users\Clément\AppData\Local\Programs\MiKTeX\tex/generic/pgf/modules\pgfmod
uleplot.code.tex
File: pgfmoduleplot.code.tex 2021/05/15 v3.1.9a (3.1.9a)
)
(C:\Users\Clément\AppData\Local\Programs\MiKTeX\tex/latex/pgf/compatibility\pg
fcomp-version-0-65.sty
Package: pgfcomp-version-0-65 2021/05/15 v3.1.9a (3.1.9a)
\pgf@nodesepstart=\dimen186
\pgf@nodesepend=\dimen187
)
(C:\Users\Clément\AppData\Local\Programs\MiKTeX\tex/latex/pgf/compatibility\pg
fcomp-version-1-18.sty
Package: pgfcomp-version-1-18 2021/05/15 v3.1.9a (3.1.9a)
))
(C:\Users\Clément\AppData\Local\Programs\MiKTeX\tex/latex/pgf/utilities\pgffor
.sty
(C:\Users\Clément\AppData\Local\Programs\MiKTeX\tex/latex/pgf/utilities\pgfkey
s.sty
(C:\Users\Clément\AppData\Local\Programs\MiKTeX\tex/generic/pgf/utilities\pgfk
eys.code.tex))
(C:\Users\Clément\AppData\Local\Programs\MiKTeX\tex/latex/pgf/math\pgfmath.sty

(C:\Users\Clément\AppData\Local\Programs\MiKTeX\tex/generic/pgf/math\pgfmath.c
ode.tex))
(C:\Users\Clément\AppData\Local\Programs\MiKTeX\tex/generic/pgf/utilities\pgff
or.code.tex
Package: pgffor 2021/05/15 v3.1.9a (3.1.9a)

(C:\Users\Clément\AppData\Local\Programs\MiKTeX\tex/generic/pgf/math\pgfmath.c
ode.tex)
\pgffor@iter=\dimen188
\pgffor@skip=\dimen189
\pgffor@stack=\toks32
\pgffor@toks=\toks33
))
(C:\Users\Clément\AppData\Local\Programs\MiKTeX\tex/generic/pgf/frontendlayer/
tikz\tikz.code.tex
Package: tikz 2021/05/15 v3.1.9a (3.1.9a)

(C:\Users\Clément\AppData\Local\Programs\MiKTeX\tex/generic/pgf/libraries\pgfl
ibraryplothandlers.code.tex
File: pgflibraryplothandlers.code.tex 2021/05/15 v3.1.9a (3.1.9a)
\pgf@plot@mark@count=\count280
\pgfplotmarksize=\dimen190
)
\tikz@lastx=\dimen191
\tikz@lasty=\dimen192
\tikz@lastxsaved=\dimen193
\tikz@lastysaved=\dimen194
\tikz@lastmovetox=\dimen195
\tikz@lastmovetoy=\dimen196
\tikzleveldistance=\dimen197
\tikzsiblingdistance=\dimen198
\tikz@figbox=\box58
\tikz@figbox@bg=\box59
\tikz@tempbox=\box60
\tikz@tempbox@bg=\box61
\tikztreelevel=\count281
\tikznumberofchildren=\count282
\tikznumberofcurrentchild=\count283
\tikz@fig@count=\count284

(C:\Users\Clément\AppData\Local\Programs\MiKTeX\tex/generic/pgf/modules\pgfmod
ulematrix.code.tex
File: pgfmodulematrix.code.tex 2021/05/15 v3.1.9a (3.1.9a)
\pgfmatrixcurrentrow=\count285
\pgfmatrixcurrentcolumn=\count286
\pgf@matrix@numberofcolumns=\count287
)
\tikz@expandcount=\count288

(C:\Users\Clément\AppData\Local\Programs\MiKTeX\tex/generic/pgf/frontendlayer/
tikz/libraries\tikzlibrarytopaths.code.tex
File: tikzlibrarytopaths.code.tex 2021/05/15 v3.1.9a (3.1.9a)
)))
(C:\Users\Clément\AppData\Local\Programs\MiKTeX\tex/generic/pgf/frontendlayer/
tikz/libraries\tikzlibrarypositioning.code.tex
File: tikzlibrarypositioning.code.tex 2021/05/15 v3.1.9a (3.1.9a)
)
(C:\Users\Clément\AppData\Local\Programs\MiKTeX\tex/latex/tools\calc.sty
Package: calc 2017/05/25 v4.3 Infix arithmetic (KKT,FJ)
\calc@Acount=\count289
\calc@Bcount=\count290
\calc@Adimen=\dimen199
\calc@Bdimen=\dimen256
\calc@Askip=\skip51
\calc@Bskip=\skip52
LaTeX Info: Redefining \setlength on input line 80.
LaTeX Info: Redefining \addtolength on input line 81.
\calc@Ccount=\count291
\calc@Cskip=\skip53
)
\c@@todonotes@numberoftodonotes=\count292
)
(C:\Users\Clément\AppData\Local\Programs\MiKTeX\tex/latex/float\float.sty
Package: float 2001/11/08 v1.3d Float enhancements (AL)
\c@float@type=\count293
\float@exts=\toks34
\float@box=\box62
\@float@everytoks=\toks35
\@floatcapt=\box63
)
(C:\Users\Clément\AppData\Local\Programs\MiKTeX\tex/latex/caption\caption.sty
Package: caption 2022/03/01 v3.6b Customizing captions (AR)

(C:\Users\Clément\AppData\Local\Programs\MiKTeX\tex/latex/caption\caption3.sty
Package: caption3 2022/03/17 v2.3b caption3 kernel (AR)
\caption@tempdima=\dimen257
\captionmargin=\dimen258
\caption@leftmargin=\dimen259
\caption@rightmargin=\dimen260
\caption@width=\dimen261
\caption@indent=\dimen262
\caption@parindent=\dimen263
\caption@hangindent=\dimen264
Package caption Info: Standard document class detected.
)
\c@caption@flags=\count294
\c@continuedfloat=\count295
Package caption Info: float package is loaded.
)
(C:\Users\Clément\AppData\Local\Programs\MiKTeX\tex/latex/caption\subcaption.s
ty
Package: subcaption 2022/01/07 v1.5 Sub-captions (AR)
\c@subfigure=\count296
\c@subtable=\count297
)
(C:\Users\Clément\AppData\Local\Programs\MiKTeX\tex/latex/amsmath\amsmath.sty
Package: amsmath 2022/04/08 v2.17n AMS math features
\@mathmargin=\skip54

For additional information on amsmath, use the `?' option.
(C:\Users\Clément\AppData\Local\Programs\MiKTeX\tex/latex/amsmath\amstext.sty
Package: amstext 2021/08/26 v2.01 AMS text

(C:\Users\Clément\AppData\Local\Programs\MiKTeX\tex/latex/amsmath\amsgen.sty
File: amsgen.sty 1999/11/30 v2.0 generic functions
\@emptytoks=\toks36
\ex@=\dimen265
)) (C:\Users\Clément\AppData\Local\Programs\MiKTeX\tex/latex/amsmath\amsbsy.st
y
Package: amsbsy 1999/11/29 v1.2d Bold Symbols
\pmbraise@=\dimen266
) (C:\Users\Clément\AppData\Local\Programs\MiKTeX\tex/latex/amsmath\amsopn.sty
Package: amsopn 2022/04/08 v2.04 operator names
)
\inf@bad=\count298
LaTeX Info: Redefining \frac on input line 234.
\uproot@=\count299
\leftroot@=\count300
LaTeX Info: Redefining \overline on input line 399.
LaTeX Info: Redefining \colon on input line 410.
\classnum@=\count301
\DOTSCASE@=\count302
LaTeX Info: Redefining \ldots on input line 496.
LaTeX Info: Redefining \dots on input line 499.
LaTeX Info: Redefining \cdots on input line 620.
\Mathstrutbox@=\box64
\strutbox@=\box65
LaTeX Info: Redefining \big on input line 722.
LaTeX Info: Redefining \Big on input line 723.
LaTeX Info: Redefining \bigg on input line 724.
LaTeX Info: Redefining \Bigg on input line 725.
\big@size=\dimen267
LaTeX Font Info:    Redeclaring font encoding OML on input line 743.
LaTeX Font Info:    Redeclaring font encoding OMS on input line 744.
\macc@depth=\count303
LaTeX Info: Redefining \bmod on input line 905.
LaTeX Info: Redefining \pmod on input line 910.
LaTeX Info: Redefining \smash on input line 940.
LaTeX Info: Redefining \relbar on input line 970.
LaTeX Info: Redefining \Relbar on input line 971.
\c@MaxMatrixCols=\count304
\dotsspace@=\muskip16
\c@parentequation=\count305
\dspbrk@lvl=\count306
\tag@help=\toks37
\row@=\count307
\column@=\count308
\maxfields@=\count309
\andhelp@=\toks38
\eqnshift@=\dimen268
\alignsep@=\dimen269
\tagshift@=\dimen270
\tagwidth@=\dimen271
\totwidth@=\dimen272
\lineht@=\dimen273
\@envbody=\toks39
\multlinegap=\skip55
\multlinetaggap=\skip56
\mathdisplay@stack=\toks40
LaTeX Info: Redefining \[ on input line 2953.
LaTeX Info: Redefining \] on input line 2954.
) (C:\Users\Clément\AppData\Local\Programs\MiKTeX\tex/latex/amscls\amsthm.sty
Package: amsthm 2020/05/29 v2.20.6
\thm@style=\toks41
\thm@bodyfont=\toks42
\thm@headfont=\toks43
\thm@notefont=\toks44
\thm@headpunct=\toks45
\thm@preskip=\skip57
\thm@postskip=\skip58
\thm@headsep=\skip59
\dth@everypar=\toks46
)
(C:\Users\Clément\AppData\Local\Programs\MiKTeX\tex/latex/amsfonts\amsfonts.st
y
Package: amsfonts 2013/01/14 v3.01 Basic AMSFonts support
\symAMSa=\mathgroup4
\symAMSb=\mathgroup5
LaTeX Font Info:    Redeclaring math symbol \hbar on input line 98.
LaTeX Font Info:    Overwriting math alphabet `\mathfrak' in version `bold'
(Font)                  U/euf/m/n --> U/euf/b/n on input line 106.
)
(C:\Users\Clément\AppData\Local\Programs\MiKTeX\tex/latex/amsfonts\amssymb.sty
Package: amssymb 2013/01/14 v3.01 AMS font symbols
)
(C:\Users\Clément\AppData\Local\Programs\MiKTeX\tex/latex/thmtools\thmtools.st
y
Package: thmtools 2022/06/01 v0.73
\thmt@toks=\toks47
\c@thmt@dummyctr=\count310

(C:\Users\Clément\AppData\Local\Programs\MiKTeX\tex/latex/thmtools\thm-patch.s
ty
Package: thm-patch 2022/06/01 v0.73

(C:\Users\Clément\AppData\Local\Programs\MiKTeX\tex/latex/thmtools\parseargs.s
ty
Package: parseargs 2022/06/01 v0.73
\@parsespec=\toks48
))
(C:\Users\Clément\AppData\Local\Programs\MiKTeX\tex/latex/thmtools\thm-kv.sty
Package: thm-kv 2022/06/01 v0.73
Package thm-kv Info: Theorem names will be uppercased on input line 42.

(C:\Users\Clément\AppData\Local\Programs\MiKTeX\tex/generic/kvsetkeys\kvsetkey
s.sty
Package: kvsetkeys 2019/12/15 v1.18 Key value parser (HO)
)
Package thm-kv Info: kvsetkeys patch (v1.16 or later) on input line 158.
)
(C:\Users\Clément\AppData\Local\Programs\MiKTeX\tex/latex/thmtools\thm-autoref
.sty
Package: thm-autoref 2022/06/01 v0.73

(C:\Users\Clément\AppData\Local\Programs\MiKTeX\tex/latex/thmtools\aliasctr.st
y
Package: aliasctr 2022/06/01 v0.73
))
(C:\Users\Clément\AppData\Local\Programs\MiKTeX\tex/latex/thmtools\thm-listof.
sty
Package: thm-listof 2022/06/01 v0.73
)
(C:\Users\Clément\AppData\Local\Programs\MiKTeX\tex/latex/thmtools\thm-restate
.sty
Package: thm-restate 2022/06/01 v0.73
)
(C:\Users\Clément\AppData\Local\Programs\MiKTeX\tex/latex/thmtools\thm-amsthm.
sty
Package: thm-amsthm 2022/06/01 v0.73
\thmt@style@headstyle=\toks49
))
(C:\Users\Clément\AppData\Local\Programs\MiKTeX\tex/latex/tools\indentfirst.st
y
Package: indentfirst 1995/11/23 v1.03 Indent first paragraph (DPC)
) (C:\Users\Clément\AppData\Local\Programs\MiKTeX\tex/latex/url\url.sty
\Urlmuskip=\muskip17
Package: url 2013/09/16  ver 3.4  Verb mode for urls, etc.
)
(C:\Users\Clément\AppData\Local\Programs\MiKTeX\tex/latex/hyperref\hyperref.st
y
Package: hyperref 2022-06-20 v7.00s Hypertext links for LaTeX

(C:\Users\Clément\AppData\Local\Programs\MiKTeX\tex/generic/ltxcmds\ltxcmds.st
y
Package: ltxcmds 2020-05-10 v1.25 LaTeX kernel commands for general use (HO)
)
(C:\Users\Clément\AppData\Local\Programs\MiKTeX\tex/generic/pdftexcmds\pdftexc
mds.sty
Package: pdftexcmds 2020-06-27 v0.33 Utility functions of pdfTeX for LuaTeX (HO
)

(C:\Users\Clément\AppData\Local\Programs\MiKTeX\tex/generic/infwarerr\infwarer
r.sty
Package: infwarerr 2019/12/03 v1.5 Providing info/warning/error messages (HO)
)
Package pdftexcmds Info: \pdf@primitive is available.
Package pdftexcmds Info: \pdf@ifprimitive is available.
Package pdftexcmds Info: \pdfdraftmode found.
)
(C:\Users\Clément\AppData\Local\Programs\MiKTeX\tex/generic/kvdefinekeys\kvdef
inekeys.sty
Package: kvdefinekeys 2019-12-19 v1.6 Define keys (HO)
)
(C:\Users\Clément\AppData\Local\Programs\MiKTeX\tex/generic/pdfescape\pdfescap
e.sty
Package: pdfescape 2019/12/09 v1.15 Implements pdfTeX's escape features (HO)
)
(C:\Users\Clément\AppData\Local\Programs\MiKTeX\tex/latex/hycolor\hycolor.sty
Package: hycolor 2020-01-27 v1.10 Color options for hyperref/bookmark (HO)
)
(C:\Users\Clément\AppData\Local\Programs\MiKTeX\tex/latex/letltxmacro\letltxma
cro.sty
Package: letltxmacro 2019/12/03 v1.6 Let assignment for LaTeX macros (HO)
)
(C:\Users\Clément\AppData\Local\Programs\MiKTeX\tex/latex/auxhook\auxhook.sty
Package: auxhook 2019-12-17 v1.6 Hooks for auxiliary files (HO)
)
(C:\Users\Clément\AppData\Local\Programs\MiKTeX\tex/latex/hyperref\nameref.sty
Package: nameref 2022-05-17 v2.50 Cross-referencing by name of section

(C:\Users\Clément\AppData\Local\Programs\MiKTeX\tex/latex/refcount\refcount.st
y
Package: refcount 2019/12/15 v3.6 Data extraction from label references (HO)
)
(C:\Users\Clément\AppData\Local\Programs\MiKTeX\tex/generic/gettitlestring\get
titlestring.sty
Package: gettitlestring 2019/12/15 v1.6 Cleanup title references (HO)

(C:\Users\Clément\AppData\Local\Programs\MiKTeX\tex/latex/kvoptions\kvoptions.
sty
Package: kvoptions 2022-06-15 v3.15 Key value format for package options (HO)
))
\c@section@level=\count311
)
\@linkdim=\dimen274
\Hy@linkcounter=\count312
\Hy@pagecounter=\count313

(C:\Users\Clément\AppData\Local\Programs\MiKTeX\tex/latex/hyperref\pd1enc.def
File: pd1enc.def 2022-06-20 v7.00s Hyperref: PDFDocEncoding definition (HO)
Now handling font encoding PD1 ...
... no UTF-8 mapping file for font encoding PD1
)
(C:\Users\Clément\AppData\Local\Programs\MiKTeX\tex/generic/intcalc\intcalc.st
y
Package: intcalc 2019/12/15 v1.3 Expandable calculations with integers (HO)
)
(C:\Users\Clément\AppData\Local\Programs\MiKTeX\tex/generic/etexcmds\etexcmds.
sty
Package: etexcmds 2019/12/15 v1.7 Avoid name clashes with e-TeX commands (HO)
)
\Hy@SavedSpaceFactor=\count314

(C:\Users\Clément\AppData\Local\Programs\MiKTeX\tex/latex/hyperref\puenc.def
File: puenc.def 2022-06-20 v7.00s Hyperref: PDF Unicode definition (HO)
Now handling font encoding PU ...
... no UTF-8 mapping file for font encoding PU
)
Package hyperref Info: Hyper figures OFF on input line 4162.
Package hyperref Info: Link nesting OFF on input line 4167.
Package hyperref Info: Hyper index ON on input line 4170.
Package hyperref Info: Plain pages OFF on input line 4177.
Package hyperref Info: Backreferencing OFF on input line 4182.
Package hyperref Info: Implicit mode ON; LaTeX internals redefined.
Package hyperref Info: Bookmarks ON on input line 4408.
\c@Hy@tempcnt=\count315
LaTeX Info: Redefining \url on input line 4746.
\XeTeXLinkMargin=\dimen275

(C:\Users\Clément\AppData\Local\Programs\MiKTeX\tex/generic/bitset\bitset.sty
Package: bitset 2019/12/09 v1.3 Handle bit-vector datatype (HO)

(C:\Users\Clément\AppData\Local\Programs\MiKTeX\tex/generic/bigintcalc\bigintc
alc.sty
Package: bigintcalc 2019/12/15 v1.5 Expandable calculations on big integers (HO
)
))
\Fld@menulength=\count316
\Field@Width=\dimen276
\Fld@charsize=\dimen277
Package hyperref Info: Hyper figures OFF on input line 6024.
Package hyperref Info: Link nesting OFF on input line 6029.
Package hyperref Info: Hyper index ON on input line 6032.
Package hyperref Info: backreferencing OFF on input line 6039.
Package hyperref Info: Link coloring OFF on input line 6044.
Package hyperref Info: Link coloring with OCG OFF on input line 6049.
Package hyperref Info: PDF/A mode OFF on input line 6054.

(C:\Users\Clément\AppData\Local\Programs\MiKTeX\tex/latex/base\atbegshi-ltx.st
y
Package: atbegshi-ltx 2021/01/10 v1.0c Emulation of the original atbegshi
package with kernel methods
)
\Hy@abspage=\count317
\c@Item=\count318
\c@Hfootnote=\count319
)
Package hyperref Info: Driver (autodetected): hpdftex.

(C:\Users\Clément\AppData\Local\Programs\MiKTeX\tex/latex/hyperref\hpdftex.def
File: hpdftex.def 2022-06-20 v7.00s Hyperref driver for pdfTeX

(C:\Users\Clément\AppData\Local\Programs\MiKTeX\tex/latex/base\atveryend-ltx.s
ty
Package: atveryend-ltx 2020/08/19 v1.0a Emulation of the original atveryend pac
kage
with kernel methods
)
\Fld@listcount=\count320
\c@bookmark@seq@number=\count321

(C:\Users\Clément\AppData\Local\Programs\MiKTeX\tex/latex/rerunfilecheck\rerun
filecheck.sty
Package: rerunfilecheck 2022-07-10 v1.10 Rerun checks for auxiliary files (HO)

(C:\Users\Clément\AppData\Local\Programs\MiKTeX\tex/generic/uniquecounter\uniq
uecounter.sty
Package: uniquecounter 2019/12/15 v1.4 Provide unlimited unique counter (HO)
)
Package uniquecounter Info: New unique counter `rerunfilecheck' on input line 2
85.
)
\Hy@SectionHShift=\skip60
)
(C:\Users\Clément\AppData\Local\Programs\MiKTeX\tex/latex/algorithms\algorithm
.sty
Package: algorithm 2009/08/24 v0.1 Document Style `algorithm' - floating enviro
nment
\@float@every@algorithm=\toks50
\c@algorithm=\count322
)
(C:\Users\Clément\AppData\Local\Programs\MiKTeX\tex/latex/algorithmicx\algpseu
docode.sty
Package: algpseudocode 

(C:\Users\Clément\AppData\Local\Programs\MiKTeX\tex/latex/algorithmicx\algorit
hmicx.sty
Package: algorithmicx 2005/04/27 v1.2 Algorithmicx

Document Style algorithmicx 1.2 - a greatly improved `algorithmic' style
\c@ALG@line=\count323
\c@ALG@rem=\count324
\c@ALG@nested=\count325
\ALG@tlm=\skip61
\ALG@thistlm=\skip62
\c@ALG@Lnr=\count326
\c@ALG@blocknr=\count327
\c@ALG@storecount=\count328
\c@ALG@tmpcounter=\count329
\ALG@tmplength=\skip63
)
Document Style - pseudocode environments for use with the `algorithmicx' style
)
(C:\Users\Clément\AppData\Local\Programs\MiKTeX\tex/latex/mathtools\mathtools.
sty
Package: mathtools 2022/06/29 v1.29 mathematical typesetting tools

(C:\Users\Clément\AppData\Local\Programs\MiKTeX\tex/latex/mathtools\mhsetup.st
y
Package: mhsetup 2021/03/18 v1.4 programming setup (MH)
)
\g_MT_multlinerow_int=\count330
\l_MT_multwidth_dim=\dimen278
\origjot=\skip64
\l_MT_shortvdotswithinadjustabove_dim=\dimen279
\l_MT_shortvdotswithinadjustbelow_dim=\dimen280
\l_MT_above_intertext_sep=\dimen281
\l_MT_below_intertext_sep=\dimen282
\l_MT_above_shortintertext_sep=\dimen283
\l_MT_below_shortintertext_sep=\dimen284
\xmathstrut@box=\box66
\xmathstrut@dim=\dimen285
)
(C:\Users\Clément\AppData\Local\Programs\MiKTeX\tex/latex/wrapfig\wrapfig.sty
\wrapoverhang=\dimen286
\WF@size=\dimen287
\c@WF@wrappedlines=\count331
\WF@box=\box67
\WF@everypar=\toks51
Package: wrapfig 2003/01/31  v 3.6
)
(C:\Users\Clément\AppData\Local\Programs\MiKTeX\tex/latex/titlesec\titlesec.st
y
Package: titlesec 2021/07/05 v2.14 Sectioning titles
\ttl@box=\box68
\beforetitleunit=\skip65
\aftertitleunit=\skip66
\ttl@plus=\dimen288
\ttl@minus=\dimen289
\ttl@toksa=\toks52
\titlewidth=\dimen290
\titlewidthlast=\dimen291
\titlewidthfirst=\dimen292
)
(C:\Users\Clément\AppData\Local\Programs\MiKTeX\tex/latex/diagbox\diagbox.sty
Package: diagbox 2020/02/09 v2.3 Making table heads with diagonal lines

(C:\Users\Clément\AppData\Local\Programs\MiKTeX\tex/latex/pict2e\pict2e.sty
Package: pict2e 2020/09/30 v0.4b Improved picture commands (HjG,RN,JT)

(C:\Users\Clément\AppData\Local\Programs\MiKTeX\tex/latex/pict2e\pict2e.cfg
File: pict2e.cfg 2016/02/05 v0.1u pict2e configuration for teTeX/TeXLive
)
Package pict2e Info: Driver file: pdftex.def on input line 112.
Package pict2e Info: Driver file for pict2e: p2e-pdftex.def on input line 114.

(C:\Users\Clément\AppData\Local\Programs\MiKTeX\tex/latex/pict2e\p2e-pdftex.de
f
File: p2e-pdftex.def 2016/02/05 v0.1u Driver-dependant file (RN,HjG,JT)
)
\pIIe@GRAPH=\toks53
\@arclen=\dimen293
\@arcrad=\dimen294
\pIIe@tempdima=\dimen295
\pIIe@tempdimb=\dimen296
\pIIe@tempdimc=\dimen297
\pIIe@tempdimd=\dimen298
\pIIe@tempdime=\dimen299
\pIIe@tempdimf=\dimen300
) (C:\Users\Clément\AppData\Local\Programs\MiKTeX\tex/latex/tools\array.sty
Package: array 2021/10/04 v2.5f Tabular extension package (FMi)
\col@sep=\dimen301
\ar@mcellbox=\box69
\extrarowheight=\dimen302
\NC@list=\toks54
\extratabsurround=\skip67
\backup@length=\skip68
\ar@cellbox=\box70
)
\diagbox@boxa=\box71
\diagbox@boxb=\box72
\diagbox@boxm=\box73
\diagbox@wd=\dimen303
\diagbox@ht=\dimen304
\diagbox@insepl=\dimen305
\diagbox@insepr=\dimen306
\diagbox@outsepl=\dimen307
\diagbox@outsepr=\dimen308
)
(C:\Users\Clément\AppData\Local\Programs\MiKTeX\tex/latex/etoolbox\etoolbox.st
y
Package: etoolbox 2020/10/05 v2.5k e-TeX tools for LaTeX (JAW)
\etb@tempcnta=\count332
)
(C:\Users\Clément\AppData\Local\Programs\MiKTeX\tex/latex/minitoc\minitoc.sty
Package: minitoc 2018/07/12 v62 Package minitoc

(C:\Users\Clément\AppData\Local\Programs\MiKTeX\tex/latex/minitoc\mtcmess.sty
Package: mtcmess 2006/03/14
)
Package minitoc Info: I0001
(minitoc)             *** minitoc package, version 62 ***.
\tf@mtc=\write4
\mtcindent=\skip69
\mtcskipamount=\skip70
Package minitoc Info: I0005
(minitoc)             compatible with hyperref.
Package minitoc Info: I0023
(minitoc)             part level macros available.
Package minitoc Info: I0003
(minitoc)             chapter level macros available.
\mtc@toks=\toks55
\mtc@strutbox=\box74
\mtc@hstrutbox=\box75
Package minitoc Info: I0002
(minitoc)             Autoconfiguration of extensions.
\openout4 = `main.mtc0'.

\openout4 = `main.mtc'.

(main.mtc0)
Package minitoc Info: I0012
(minitoc)             Long extensions (Unix-like) will be used.
Package minitoc Info: I0031
(minitoc)             ==> this version is configured for UNIX-like 
(minitoc)                 (long extensions) file names.
\openout4 = `main.mtc'.

\openout4 = `main.mtc0'.

\c@mtc=\count333
\c@minitocdepth=\count334
\c@ptc=\count335
\c@parttocdepth=\count336
\ptcindent=\skip71
Package minitoc Info: I0010
(minitoc)             The english language is selected.
(minitoc)              on input line 4910.

(C:\Users\Clément\AppData\Local\Programs\MiKTeX\tex/latex/minitoc\english.mld
File: english.mld 2006/01/13
) (C:\Users\Clément\AppData\Local\Programs\MiKTeX\tex/latex/minitoc\english.ml
d
File: english.mld 2006/01/13
)
Package minitoc Info: I0010
(minitoc)             The english language is selected.
(minitoc)              on input line 4911.

(C:\Users\Clément\AppData\Local\Programs\MiKTeX\tex/latex/minitoc\english.mld
File: english.mld 2006/01/13
)) (C:\Users\Clément\AppData\Local\Programs\MiKTeX\tex/latex/bbm\bbm.sty
Package: bbm 1999/03/15 V 1.2 provides fonts for set symbols - TH
LaTeX Font Info:    Overwriting math alphabet `\mathbbm' in version `bold'
(Font)                  U/bbm/m/n --> U/bbm/bx/n on input line 33.
LaTeX Font Info:    Overwriting math alphabet `\mathbbmss' in version `bold'
(Font)                  U/bbmss/m/n --> U/bbmss/bx/n on input line 35.
)
(C:\Users\Clément\AppData\Local\Programs\MiKTeX\tex/latex/tools\bm.sty
Package: bm 2021/04/25 v1.2e Bold Symbol Support (DPC/FMi)
\symboldoperators=\mathgroup6
\symboldletters=\mathgroup7
\symboldsymbols=\mathgroup8
Package bm Info: No bold for \OMX/cmex/m/n, using \pmb.
Package bm Info: No bold for \U/msa/m/n, using \pmb.
Package bm Info: No bold for \U/msb/m/n, using \pmb.
LaTeX Font Info:    Redeclaring math alphabet \mathbf on input line 149.
)
(C:\Users\Clément\AppData\Local\Programs\MiKTeX\tex/latex/base\makeidx.sty
Package: makeidx 2021/10/04 v1.0m Standard LaTeX package
)
(config/settings.tex
\c@theorem=\count337
\c@proposition=\count338
\c@definition=\count339
\c@lemma=\count340
)
\@indexfile=\write5
\openout5 = `main.idx'.


Writing index file main.idx
)
(C:\Users\Clément\AppData\Local\Programs\MiKTeX\tex/latex/l3backend\l3backend-
pdftex.def
File: l3backend-pdftex.def 2022-08-05 L3 backend support: PDF output (pdfTeX)
\l__color_backend_stack_int=\count341
\l__pdf_internal_box=\box76
) (main.aux (1-Intro/Intro.aux) (2-Chap2/Chap2.aux)
(3-Chap3/Chap3.aux) (4-Chap4/Chap4.aux) (5-Chap5/Chap5.aux)
(6-Conclusion/Conclusion.aux) (7-Appendix/Appendix.aux))
\openout1 = `main.aux'.

LaTeX Font Info:    Checking defaults for OML/cmm/m/it on input line 4.
LaTeX Font Info:    ... okay on input line 4.
LaTeX Font Info:    Checking defaults for OMS/cmsy/m/n on input line 4.
LaTeX Font Info:    ... okay on input line 4.
LaTeX Font Info:    Checking defaults for OT1/cmr/m/n on input line 4.
LaTeX Font Info:    ... okay on input line 4.
LaTeX Font Info:    Checking defaults for T1/cmr/m/n on input line 4.
LaTeX Font Info:    ... okay on input line 4.
LaTeX Font Info:    Checking defaults for TS1/cmr/m/n on input line 4.
LaTeX Font Info:    ... okay on input line 4.
LaTeX Font Info:    Checking defaults for OMX/cmex/m/n on input line 4.
LaTeX Font Info:    ... okay on input line 4.
LaTeX Font Info:    Checking defaults for U/cmr/m/n on input line 4.
LaTeX Font Info:    ... okay on input line 4.
LaTeX Font Info:    Checking defaults for PD1/pdf/m/n on input line 4.
LaTeX Font Info:    ... okay on input line 4.
LaTeX Font Info:    Checking defaults for PU/pdf/m/n on input line 4.
LaTeX Font Info:    ... okay on input line 4.

*geometry* driver: auto-detecting
*geometry* detected driver: pdftex
*geometry* verbose mode - [ preamble ] result:
* driver: pdftex
* paper: a4paper
* layout: <same size as paper>
* layoutoffset:(h,v)=(0.0pt,0.0pt)
* modes: twoside 
* h-part:(L,W,R)=(45.52441pt, 483.69684pt, 68.28662pt)
* v-part:(T,H,B)=(71.13188pt, 731.23584pt, 42.67912pt)
* \paperwidth=597.50787pt
* \paperheight=845.04684pt
* \textwidth=483.69684pt
* \textheight=731.23584pt
* \oddsidemargin=-26.74557pt
* \evensidemargin=-3.98337pt
* \topmargin=-38.1381pt
* \headheight=12.0pt
* \headsep=25.0pt
* \topskip=12.0pt
* \footskip=30.0pt
* \marginparwidth=95.0pt
* \marginparsep=10.0pt
* \columnsep=10.0pt
* \skip\footins=10.8pt plus 4.0pt minus 2.0pt
* \hoffset=0.0pt
* \voffset=0.0pt
* \mag=1000
* \@twocolumnfalse
* \@twosidetrue
* \@mparswitchtrue
* \@reversemarginfalse
* (1in=72.27pt=25.4mm, 1cm=28.453pt)


(C:\Users\Clément\AppData\Local\Programs\MiKTeX\tex/context/base/mkii\supp-pdf
.mkii
[Loading MPS to PDF converter (version 2006.09.02).]
\scratchcounter=\count342
\scratchdimen=\dimen309
\scratchbox=\box77
\nofMPsegments=\count343
\nofMParguments=\count344
\everyMPshowfont=\toks56
\MPscratchCnt=\count345
\MPscratchDim=\dimen310
\MPnumerator=\count346
\makeMPintoPDFobject=\count347
\everyMPtoPDFconversion=\toks57
)
(C:\Users\Clément\AppData\Local\Programs\MiKTeX\tex/latex/epstopdf-pkg\epstopd
f-base.sty
Package: epstopdf-base 2020-01-24 v2.11 Base part for package epstopdf
Package epstopdf-base Info: Redefining graphics rule for `.eps' on input line 4
85.

(C:\Users\Clément\AppData\Local\Programs\MiKTeX\tex/latex/00miktex\epstopdf-sy
s.cfg
File: epstopdf-sys.cfg 2021/03/18 v2.0 Configuration of epstopdf for MiKTeX
))
Package caption Info: Begin \AtBeginDocument code.
Package caption Info: hyperref package is loaded.
Package caption Info: wrapfig package is loaded.
Package caption Info: End \AtBeginDocument code.
Package hyperref Info: Link coloring OFF on input line 4.
 (main.out) (main.out)
\@outlinefile=\write6
\openout6 = `main.out'.

Package minitoc(hints) Info: I0049
(minitoc(hints))             ==> You requested the hints option. 
(minitoc(hints))             Some hints are eventually given below.
Package minitoc(hints) Info: I0042
(minitoc(hints))             --- The appendix package is loaded. 
(minitoc(hints))             See the minitoc package documentation 
(minitoc(hints))             for specific precautions.


Package minitoc(hints) Warning: W0099
(minitoc(hints))                --- The titlesec package is loaded. 
(minitoc(hints))                It is incompatible 
(minitoc(hints))                with the minitoc package.

Package minitoc Info: I0024
(minitoc)             PREPARING MINITOCS FROM main.toc on input line 8.
Package minitoc Info: I0033
(minitoc)             Writing main.mtc1.
\openout4 = `main.mtc1'.

Package minitoc Info: I0033
(minitoc)             Writing main.mtc2.
\openout4 = `main.mtc2'.

Package minitoc Info: I0033
(minitoc)             Writing main.mtc3.
\openout4 = `main.mtc3'.

Package minitoc Info: I0033
(minitoc)             Writing main.mtc4.
\openout4 = `main.mtc4'.

Package minitoc Info: I0033
(minitoc)             Writing main.mtc5.
\openout4 = `main.mtc5'.

Package minitoc Info: I0033
(minitoc)             Writing main.mtc6.
\openout4 = `main.mtc6'.

Package minitoc Info: I0033
(minitoc)             Writing main.mtc7.
\openout4 = `main.mtc7'.

Package minitoc Info: I0033
(minitoc)             Writing main.mtc8.
\openout4 = `main.mtc8'.

Package minitoc Info: I0033
(minitoc)             Writing main.mtc9.
\openout4 = `main.mtc9'.

(config/titlepage.tex
<figs/logo/logoAnses.png, id=266, 401.5pt x 160.6pt>
File: figs/logo/logoAnses.png Graphic file (type png)
<use figs/logo/logoAnses.png>
Package pdftex.def Info: figs/logo/logoAnses.png  used on input line 12.
(pdftex.def)             Requested size: 203.15178pt x 81.26286pt.
LaTeX Font Info:    Trying to load font information for U+msa on input line 13.


(C:\Users\Clément\AppData\Local\Programs\MiKTeX\tex/latex/amsfonts\umsa.fd
File: umsa.fd 2013/01/14 v3.01 AMS symbols A
)
LaTeX Font Info:    Trying to load font information for U+msb on input line 13.


(C:\Users\Clément\AppData\Local\Programs\MiKTeX\tex/latex/amsfonts\umsb.fd
File: umsb.fd 2013/01/14 v3.01 AMS symbols B
)
[1

{C:/Users/Clément/AppData/Local/MiKTeX/fonts/map/pdftex/pdftex.map} <./figs/lo
go/logoAnses.png>] [2

])
*geometry* verbose mode - [ newgeometry ] result:
* driver: pdftex
* paper: a4paper
* layout: <same size as paper>
* layoutoffset:(h,v)=(0.0pt,0.0pt)
* modes: twoside 
* h-part:(L,W,R)=(79.6677pt, 398.33858pt, 119.5016pt)
* v-part:(T,H,B)=(113.81102pt, 617.4248pt, 113.81102pt)
* \paperwidth=597.50787pt
* \paperheight=845.04684pt
* \textwidth=398.33858pt
* \textheight=617.4248pt
* \oddsidemargin=7.3977pt
* \evensidemargin=47.23161pt
* \topmargin=4.54103pt
* \headheight=12.0pt
* \headsep=25.0pt
* \topskip=12.0pt
* \footskip=30.0pt
* \marginparwidth=95.0pt
* \marginparsep=10.0pt
* \columnsep=10.0pt
* \skip\footins=10.8pt plus 4.0pt minus 2.0pt
* \hoffset=0.0pt
* \voffset=0.0pt
* \mag=1000
* \@twocolumnfalse
* \@twosidetrue
* \@mparswitchtrue
* \@reversemarginfalse
* (1in=72.27pt=25.4mm, 1cm=28.453pt)

*geometry* verbose mode - [ newgeometry ] result:
* driver: pdftex
* paper: a4paper
* layout: <same size as paper>
* layoutoffset:(h,v)=(0.0pt,0.0pt)
* modes: twoside 
* h-part:(L,W,R)=(79.6677pt, 398.33858pt, 119.5016pt)
* v-part:(T,H,B)=(71.13188pt, 702.78308pt, 71.13188pt)
* \paperwidth=597.50787pt
* \paperheight=845.04684pt
* \textwidth=398.33858pt
* \textheight=702.78308pt
* \oddsidemargin=7.3977pt
* \evensidemargin=47.23161pt
* \topmargin=-38.1381pt
* \headheight=12.0pt
* \headsep=25.0pt
* \topskip=12.0pt
* \footskip=30.0pt
* \marginparwidth=95.0pt
* \marginparsep=10.0pt
* \columnsep=10.0pt
* \skip\footins=10.8pt plus 4.0pt minus 2.0pt
* \hoffset=0.0pt
* \voffset=0.0pt
* \mag=1000
* \@twocolumnfalse
* \@twosidetrue
* \@mparswitchtrue
* \@reversemarginfalse
* (1in=72.27pt=25.4mm, 1cm=28.453pt)

 (main.toc [3



])
\tf@toc=\write7
\openout7 = `main.toc'.

 [4] (main.lot)
\tf@lot=\write8
\openout8 = `main.lot'.

 [5

] (main.loa)
\tf@loa=\write9
\openout9 = `main.loa'.

 [6

]
(main.lof [7

])
\tf@lof=\write10
\openout10 = `main.lof'.

 [8]
*geometry* verbose mode - [ newgeometry ] result:
* driver: pdftex
* paper: a4paper
* layout: <same size as paper>
* layoutoffset:(h,v)=(0.0pt,0.0pt)
* modes: twoside 
* h-part:(L,W,R)=(45.52441pt, 483.69684pt, 68.28662pt)
* v-part:(T,H,B)=(99.58464pt, 645.87756pt, 99.58464pt)
* \paperwidth=597.50787pt
* \paperheight=845.04684pt
* \textwidth=483.69684pt
* \textheight=645.87756pt
* \oddsidemargin=-26.74557pt
* \evensidemargin=-3.98337pt
* \topmargin=-9.68535pt
* \headheight=12.0pt
* \headsep=25.0pt
* \topskip=12.0pt
* \footskip=30.0pt
* \marginparwidth=95.0pt
* \marginparsep=10.0pt
* \columnsep=10.0pt
* \skip\footins=10.8pt plus 4.0pt minus 2.0pt
* \hoffset=0.0pt
* \voffset=0.0pt
* \mag=1000
* \@twocolumnfalse
* \@twosidetrue
* \@mparswitchtrue
* \@reversemarginfalse
* (1in=72.27pt=25.4mm, 1cm=28.453pt)

\openout2 = `1-Intro/Intro.aux'.

 (1-Intro/Intro.tex
Chapter 1.
) [9



]
\openout2 = `2-Chap2/Chap2.aux'.

 (2-Chap2/Chap2.tex
Chapter 2.
\openout4 = `main.mtc'.

\openout4 = `main.mtc'.

(main.mtc2) [10




] [11]
LaTeX Font Info:    Trying to load font information for U+bbm on input line 41.


(C:\Users\Clément\AppData\Local\Programs\MiKTeX\tex/latex/bbm\ubbm.fd
File: ubbm.fd 1999/03/15 V 1.2 Font definition for bbm font - TH
)
[12]
Package hyperref Info: bookmark level for unknown algorithm defaults to 0 on in
put line 92.
 [13]
LaTeX Font Info:    Trying to load font information for OMS+cmr on input line 1
77.

(C:\Users\Clément\AppData\Local\Programs\MiKTeX\tex/latex/base\omscmr.fd
File: omscmr.fd 2019/12/16 v2.5j Standard LaTeX font definitions
)
LaTeX Font Info:    Font shape `OMS/cmr/m/n' in size <12> not available
(Font)              Font shape `OMS/cmsy/m/n' tried instead on input line 177.

[14] [15]) [16]
\openout2 = `3-Chap3/Chap3.aux'.

 (3-Chap3/Chap3.tex
Chapter 3.
\openout4 = `main.mtc'.

\openout4 = `main.mtc'.

(main.mtc3) [17




] [18]

pdfTeX warning: pdflatex (file ./figs//Chap3/schema1.pdf): PDF inclusion: found
 PDF version <1.7>, but at most version <1.5> allowed
<figs//Chap3/schema1.pdf, id=705, 499.8675pt x 69.3792pt>
File: figs//Chap3/schema1.pdf Graphic file (type pdf)
<use figs//Chap3/schema1.pdf>
Package pdftex.def Info: figs//Chap3/schema1.pdf  used on input line 34.
(pdftex.def)             Requested size: 499.86627pt x 69.37901pt.

Overfull \hbox (16.16943pt too wide) in paragraph at lines 34--35
 [][] 
 []


Overfull \hbox (408.37967pt too wide) in paragraph at lines 47--47
[][][]\OT1/cmr/m/n/10 Available at : []$\OT1/cmtt/m/n/10 https : / / www . data
 . gouv . fr / fr / datasets / registre-[]parcellaire-[]graphique-[]rpg-[]conto
urs-[]des-[]parcelles-[]et-[]ilots-[]culturaux-[]et-[]leur-[]groupe-[]de-[]cult
ures-[]majoritaire/$[]\OT1/cmr/m/n/10 .| 
 []

[19 <./figs//Chap3/schema1.pdf>]
Underfull \hbox (badness 10000) in paragraph at lines 57--57
[][][]\OT1/cmr/m/n/10 The open data HER shape-files : []$\OT1/cmtt/m/n/10 https
 : / / geo . data . gouv . fr / fr / datasets /
 []

[20]
<figs//Chap3/ESU_EX.pdf, id=746, 433.62pt x 325.215pt>
File: figs//Chap3/ESU_EX.pdf Graphic file (type pdf)
<use figs//Chap3/ESU_EX.pdf>
Package pdftex.def Info: figs//Chap3/ESU_EX.pdf  used on input line 61.
(pdftex.def)             Requested size: 433.61894pt x 325.2142pt.

Underfull \hbox (badness 10000) in paragraph at lines 66--66
[][][][]$\OT1/cmtt/m/n/10 https : / / public . opendatasoft . com / explore / d
ataset / donnees-[]synop-[]essentielles-[]omm / table /
 []

<figs//Chap3/AIR_EX_DATA.pdf, id=752, 325.215pt x 325.215pt>
File: figs//Chap3/AIR_EX_DATA.pdf Graphic file (type pdf)
<use figs//Chap3/AIR_EX_DATA.pdf>
Package pdftex.def Info: figs//Chap3/AIR_EX_DATA.pdf  used on input line 70.
(pdftex.def)             Requested size: 325.2142pt x 325.2142pt.

Overfull \hbox (95.16046pt too wide) in paragraph at lines 75--75
[][][]\OT1/cmr/m/n/10 Open source data at: []$\OT1/cmtt/m/n/10 https : / / www 
. data . gouv . fr / fr / datasets / resultats-[]du-[]controle-[]sanitaire-[]de
-[]leau-[]du-[]robinet/$[]\OT1/cmr/m/n/10 .| 
 []

[21]
Underfull \vbox (badness 3354) has occurred while \output is active []

 [22 <./figs//Chap3/ESU_EX.pdf>]
Underfull \hbox (badness 8094) in paragraph at lines 83--83
[][][]\OT1/cmr/m/n/10 see full de-scrip-tion here :[]$\OT1/cmtt/m/n/10 https : 
/ / www . anses . fr / fr / content / lancement-[]de-[]pestiriv-[]une-[] % C3 %

 []


Underfull \vbox (badness 10000) has occurred while \output is active []

 [23 <./figs//Chap3/AIR_EX_DATA.pdf>]

pdfTeX warning: pdflatex (file ./figs//Chap3/schema2.pdf): PDF inclusion: found
 PDF version <1.7>, but at most version <1.5> allowed
<figs//Chap3/schema2.pdf, id=803, 499.8675pt x 191.7564pt>
File: figs//Chap3/schema2.pdf Graphic file (type pdf)
<use figs//Chap3/schema2.pdf>
Package pdftex.def Info: figs//Chap3/schema2.pdf  used on input line 91.
(pdftex.def)             Requested size: 499.86627pt x 191.7559pt.

Overfull \hbox (16.16943pt too wide) in paragraph at lines 91--92
 [][] 
 []

[24] [25 <./figs//Chap3/schema2.pdf>]
<figs//Chap3/Cens_ex.pdf, id=832, 433.62pt x 325.215pt>
File: figs//Chap3/Cens_ex.pdf Graphic file (type pdf)
<use figs//Chap3/Cens_ex.pdf>
Package pdftex.def Info: figs//Chap3/Cens_ex.pdf  used on input line 114.
(pdftex.def)             Requested size: 433.61894pt x 325.2142pt.
<figs//Chap3/Shape_ex.pdf, id=835, 433.62pt x 216.81pt>
File: figs//Chap3/Shape_ex.pdf Graphic file (type pdf)
<use figs//Chap3/Shape_ex.pdf>
Package pdftex.def Info: figs//Chap3/Shape_ex.pdf  used on input line 123.
(pdftex.def)             Requested size: 433.61894pt x 216.80946pt.
 [26 <./figs//Chap3/Cens_ex.pdf>]
<figs//Chap3/Hetero_ex.pdf, id=850, 433.62pt x 325.215pt>
File: figs//Chap3/Hetero_ex.pdf Graphic file (type pdf)
<use figs//Chap3/Hetero_ex.pdf>
Package pdftex.def Info: figs//Chap3/Hetero_ex.pdf  used on input line 134.
(pdftex.def)             Requested size: 433.61894pt x 325.2142pt.
<figs//Chap3/het_spa_ex.pdf, id=853, 433.62pt x 325.215pt>
File: figs//Chap3/het_spa_ex.pdf Graphic file (type pdf)
<use figs//Chap3/het_spa_ex.pdf>
Package pdftex.def Info: figs//Chap3/het_spa_ex.pdf  used on input line 143.
(pdftex.def)             Requested size: 433.61894pt x 325.2142pt.
 [27 <./figs//Chap3/Shape_ex.pdf>]
<figs//Chap3/TS_plot.pdf, id=870, 433.62pt x 325.215pt>
File: figs//Chap3/TS_plot.pdf Graphic file (type pdf)
<use figs//Chap3/TS_plot.pdf>
Package pdftex.def Info: figs//Chap3/TS_plot.pdf  used on input line 156.
(pdftex.def)             Requested size: 433.61894pt x 325.2142pt.
 [28 <./figs//Chap3/Hetero_ex.pdf>]
<figs//Chap3/Spatial_maps.pdf, id=886, 433.62pt x 578.16pt>
File: figs//Chap3/Spatial_maps.pdf Graphic file (type pdf)
<use figs//Chap3/Spatial_maps.pdf>
Package pdftex.def Info: figs//Chap3/Spatial_maps.pdf  used on input line 165.
(pdftex.def)             Requested size: 433.61894pt x 578.15858pt.
 [29 <./figs//Chap3/het_spa_ex.pdf>]
<figs//Chap3/T1Dplot.pdf, id=903, 469.755pt x 216.81pt>
File: figs//Chap3/T1Dplot.pdf Graphic file (type pdf)
<use figs//Chap3/T1Dplot.pdf>
Package pdftex.def Info: figs//Chap3/T1Dplot.pdf  used on input line 174.
(pdftex.def)             Requested size: 469.75386pt x 216.80946pt.
) [30 <./figs//Chap3/TS_plot.pdf>] [31 <./figs//Chap3/Spatial_maps.pdf>] [32 <.
/figs//Chap3/T1Dplot.pdf>]
\openout2 = `4-Chap4/Chap4.aux'.

 (4-Chap4/Chap4.tex
Chapter 4.
\openout4 = `main.mtc'.

\openout4 = `main.mtc'.

(main.mtc4) [33




]
Package hyperref Info: bookmark level for unknown definition defaults to 0 on i
nput line 12.

Overfull \hbox (44.24272pt too wide) detected at line 49
[][][][] [] \OML/cmm/m/it/12 f\OT1/cmr/m/n/12 (\OML/cmm/m/it/12 Y[]\OT1/cmr/m/n
/12 ; \OML/cmm/m/it/12 ^^U[]; ^^[\OT1/cmr/m/n/12 ) = [] [] [] \U/bbm/m/n/12 1[]
 \OT1/cmr/m/n/12 + [] [] [](\OML/cmm/m/it/12 ^^[^^U[]\OT1/cmr/m/n/12 ) + (\OML/
cmm/m/it/12 ^^[ \OMS/cmsy/m/n/12 ^^@ \OT1/cmr/m/n/12 1) [](\OML/cmm/m/it/12 ^^U
[]Y[]\OT1/cmr/m/n/12 ) \OMS/cmsy/m/n/12 ^^@ \OT1/cmr/m/n/12 (\OML/cmm/m/it/12 ^
^U[]Y[]\OT1/cmr/m/n/12 )[][]\U/bbm/m/n/12 1[]\OML/cmm/m/it/12 ;
 []

[34]
Package hyperref Info: bookmark level for unknown proposition defaults to 0 on 
input line 71.
 [35] [36]
<figs/Chap4/only_cens.pdf, id=1010, 433.62pt x 216.81pt>
File: figs/Chap4/only_cens.pdf Graphic file (type pdf)
<use figs/Chap4/only_cens.pdf>
Package pdftex.def Info: figs/Chap4/only_cens.pdf  used on input line 165.
(pdftex.def)             Requested size: 433.61894pt x 216.80946pt.
 [37] [38 <./figs/Chap4/only_cens.pdf>] [39] [40]
<figs/Chap4/sim_minseg.pdf, id=1081, 433.62pt x 216.81pt>
File: figs/Chap4/sim_minseg.pdf Graphic file (type pdf)
<use figs/Chap4/sim_minseg.pdf>
Package pdftex.def Info: figs/Chap4/sim_minseg.pdf  used on input line 328.
(pdftex.def)             Requested size: 433.61894pt x 216.80946pt.
 [41] [42]
Overfull \hbox (27.94157pt too wide) in paragraph at lines 335--336
[]$ \OT1/cmr/m/n/12 and $[]$ and their po-si-tion $([])[]$ (re-spec-tively $([]
)[]$). 
 []

[43 <./figs/Chap4/sim_minseg.pdf>]
<figs/Chap4/Ex_sim.pdf, id=1113, 433.62pt x 216.81pt>
File: figs/Chap4/Ex_sim.pdf Graphic file (type pdf)
<use figs/Chap4/Ex_sim.pdf>
Package pdftex.def Info: figs/Chap4/Ex_sim.pdf  used on input line 347.
(pdftex.def)             Requested size: 433.61894pt x 216.80946pt.
<figs/Chap4/P_RUPT.pdf, id=1114, 433.62pt x 433.62pt>
File: figs/Chap4/P_RUPT.pdf Graphic file (type pdf)
<use figs/Chap4/P_RUPT.pdf>
Package pdftex.def Info: figs/Chap4/P_RUPT.pdf  used on input line 370.
(pdftex.def)             Requested size: 433.61894pt x 433.61894pt.
) [44 <./figs/Chap4/Ex_sim.pdf>] [45 <./figs/Chap4/P_RUPT.pdf>]
\openout2 = `5-Chap5/Chap5.aux'.

 (5-Chap5/Chap5.tex
Chapter 5.
\openout4 = `main.mtc'.

\openout4 = `main.mtc'.

(main.mtc5) [46




]
Underfull \vbox (badness 10000) has occurred while \output is active []

 [47]
[48] [49] [50]

Package natbib Warning: Citation `lung2015homogeneity' on page 51 undefined on 
input line 115.

[51] [52] [53] [54]
Underfull \hbox (badness 10000) in paragraph at lines 190--190
[][][]\OT1/cmr/m/n/10 Data ex-ported in Septem-ber 2020 us-ing []$\OT1/cmtt/m/n
/10 http : / / www . naiades . eaufrance . fr / acces-[]donnees #
 []


Underfull \hbox (badness 10000) in paragraph at lines 190--190
\OT1/cmtt/m/n/10 /physicochimie / resultats ? debut = 09-[]01-[]2007 & fin = 08
-[]09-[]2020 & regions = 24 & parametres = 1092 &
 []

[55]
<figs/Chap5/hist_samp_sta.pdf, id=1337, 433.62pt x 216.81pt>
File: figs/Chap5/hist_samp_sta.pdf Graphic file (type pdf)
<use figs/Chap5/hist_samp_sta.pdf>
Package pdftex.def Info: figs/Chap5/hist_samp_sta.pdf  used on input line 204.
(pdftex.def)             Requested size: 433.61894pt x 216.80946pt.
<figs/Chap5/Max_temp-1.pdf, id=1339, 433.62pt x 216.81pt>
File: figs/Chap5/Max_temp-1.pdf Graphic file (type pdf)
<use figs/Chap5/Max_temp-1.pdf>
Package pdftex.def Info: figs/Chap5/Max_temp-1.pdf  used on input line 213.
(pdftex.def)             Requested size: 433.61894pt x 216.80946pt.
 [56 <./figs/Chap5/hist_samp_sta.pdf>]
<figs/Chap5/Graph_comp-1.pdf, id=1354, 325.215pt x 325.215pt>
File: figs/Chap5/Graph_comp-1.pdf Graphic file (type pdf)
<use figs/Chap5/Graph_comp-1.pdf>
Package pdftex.def Info: figs/Chap5/Graph_comp-1.pdf  used on input line 246.
(pdftex.def)             Requested size: 325.2142pt x 325.2142pt.
<figs/Chap5/Sigma_heu.pdf, id=1358, 433.62pt x 216.81pt>
File: figs/Chap5/Sigma_heu.pdf Graphic file (type pdf)
<use figs/Chap5/Sigma_heu.pdf>
Package pdftex.def Info: figs/Chap5/Sigma_heu.pdf  used on input line 260.
(pdftex.def)             Requested size: 433.61894pt x 216.80946pt.
 [57 <./figs/Chap5/Max_temp-1.pdf>]
[58 <./figs/Chap5/Graph_comp-1.pdf>]
<figs/Chap5/Seg_opt.pdf, id=1389, 433.62pt x 216.81pt>
File: figs/Chap5/Seg_opt.pdf Graphic file (type pdf)
<use figs/Chap5/Seg_opt.pdf>
Package pdftex.def Info: figs/Chap5/Seg_opt.pdf  used on input line 277.
(pdftex.def)             Requested size: 433.61894pt x 216.80946pt.
 [59 <./figs/Chap5/Sigma_heu.pdf>]
Underfull \vbox (badness 10000) has occurred while \output is active []

 [60 <./figs/Chap5/Seg_opt.pdf>]
<figs/Chap5/Graph_clust.pdf, id=1423, 325.215pt x 325.215pt>
File: figs/Chap5/Graph_clust.pdf Graphic file (type pdf)
<use figs/Chap5/Graph_clust.pdf>
Package pdftex.def Info: figs/Chap5/Graph_clust.pdf  used on input line 293.
(pdftex.def)             Requested size: 325.2142pt x 325.2142pt.
<figs/Chap5/Pareto_plot.pdf, id=1426, 433.62pt x 216.81pt>
File: figs/Chap5/Pareto_plot.pdf Graphic file (type pdf)
<use figs/Chap5/Pareto_plot.pdf>
Package pdftex.def Info: figs/Chap5/Pareto_plot.pdf  used on input line 304.
(pdftex.def)             Requested size: 433.61894pt x 216.80946pt.
 [61 <./figs/Chap5/Graph_clust.pdf>]
<figs/Chap5/Pareto_map.pdf, id=1448, 325.215pt x 325.215pt>
File: figs/Chap5/Pareto_map.pdf Graphic file (type pdf)
<use figs/Chap5/Pareto_map.pdf>
Package pdftex.def Info: figs/Chap5/Pareto_map.pdf  used on input line 326.
(pdftex.def)             Requested size: 325.2142pt x 325.2142pt.
) [62 <./figs/Chap5/Pareto_plot.pdf>] [63 <./figs/Chap5/Pareto_map.pdf>]
\openout2 = `6-Conclusion/Conclusion.aux'.

 (6-Conclusion/Conclusion.tex
Chapter 6.

Package natbib Warning: Citation `Cleynen' on page 64 undefined on input line 1
0.

) [64




] (main.bbl [65



] [66] [67]
LaTeX Font Info:    Trying to load font information for TS1+cmss on input line 
288.

(C:\Users\Clément\AppData\Local\Programs\MiKTeX\tex/latex/base\ts1cmss.fd
File: ts1cmss.fd 2019/12/16 v2.5j Standard LaTeX font definitions
)
[68]
Underfull \hbox (badness 1270) in paragraph at lines 393--397
[]\OT1/cmr/m/n/12 Lung-Yut-Fong, A., L^^Sevy-Leduc, C., and Capp^^Se, O. (2011)
.  Dis-tributed de-tec-
 []

[69]
Underfull \hbox (badness 3058) in paragraph at lines 469--476
[]\OT1/cmr/m/n/12 Office fran^^Xcais de la bio-di-ver-sit^^Se and Syst^^Reme d'
Information sur l'Eau (2021).
 []


Underfull \hbox (badness 2726) in paragraph at lines 469--476
\OT1/cmr/m/n/12 Achats de pes-ti-cides par code postal.  []$\OT1/cmtt/m/n/12 ht
tps : / / geo . data . gouv . fr / fr / datasets /
 []


Underfull \hbox (badness 1596) in paragraph at lines 469--476
\OT1/cmtt/m/n/12 bdc2c6f21f70acccfea73445f68a5f0d6ee5b7c1$[]\OT1/cmr/m/n/12 , [
]$\OT1/cmtt/m/n/12 https : / / www . eaufrance . fr/$[]\OT1/cmr/m/n/12 , []$\OT
1/cmtt/m/n/12 http : / /
 []

[70] [71]) [72]
\openout2 = `7-Appendix/Appendix.aux'.

 (7-Appendix/Appendix.tex [73




]
Appendix A.
[74

]
<figs/App/ite_function.pdf, id=1561, 433.62pt x 361.35pt>
File: figs/App/ite_function.pdf Graphic file (type pdf)
<use figs/App/ite_function.pdf>
Package pdftex.def Info: figs/App/ite_function.pdf  used on input line 35.
(pdftex.def)             Requested size: 433.61894pt x 361.34912pt.
<figs/App/dll_function.pdf, id=1564, 433.62pt x 361.35pt>
File: figs/App/dll_function.pdf Graphic file (type pdf)
<use figs/App/dll_function.pdf>
Package pdftex.def Info: figs/App/dll_function.pdf  used on input line 44.
(pdftex.def)             Requested size: 433.61894pt x 361.34912pt.
 [75 <./figs/App/ite_function.pdf>] [76 <./figs/App/dll_function.pdf>]
[77]
Appendix B.
<figs/App/SIM_CHAP5_1.pdf, id=1607, 433.62pt x 289.08pt>
File: figs/App/SIM_CHAP5_1.pdf Graphic file (type pdf)
<use figs/App/SIM_CHAP5_1.pdf>
Package pdftex.def Info: figs/App/SIM_CHAP5_1.pdf  used on input line 96.
(pdftex.def)             Requested size: 433.61894pt x 289.07928pt.
<figs/App/SIM_CHAP5_2.pdf, id=1608, 433.62pt x 289.08pt>
File: figs/App/SIM_CHAP5_2.pdf Graphic file (type pdf)
<use figs/App/SIM_CHAP5_2.pdf>
Package pdftex.def Info: figs/App/SIM_CHAP5_2.pdf  used on input line 103.
(pdftex.def)             Requested size: 433.61894pt x 289.07928pt.
[78

 <./figs/App/SIM_CHAP5_1.pdf>] [79 <./figs/App/SIM_CHAP5_2.pdf>] [80]
[81]
<figs/App/Simu_ex.pdf, id=1644, 433.62pt x 433.62pt>
File: figs/App/Simu_ex.pdf Graphic file (type pdf)
<use figs/App/Simu_ex.pdf>
Package pdftex.def Info: figs/App/Simu_ex.pdf  used on input line 195.
(pdftex.def)             Requested size: 433.61894pt x 433.61894pt.
<figs/App/Wass_ew.pdf, id=1646, 433.62pt x 216.81pt>
File: figs/App/Wass_ew.pdf Graphic file (type pdf)
<use figs/App/Wass_ew.pdf>
Package pdftex.def Info: figs/App/Wass_ew.pdf  used on input line 206.
(pdftex.def)             Requested size: 433.61894pt x 216.80946pt.
<figs/App/Occ_soil.png, id=1649, 433.62pt x 289.08pt>
File: figs/App/Occ_soil.png Graphic file (type png)
<use figs/App/Occ_soil.png>
Package pdftex.def Info: figs/App/Occ_soil.png  used on input line 218.
(pdftex.def)             Requested size: 433.61894pt x 289.07928pt.

Overfull \hbox (12.78224pt too wide) in paragraph at lines 225--226
[]\OT1/cmr/m/n/12 Prosulfocarb sales fig-ures used to build Fig-ure []B.6[] are
 made avail-able by the \OT1/cmr/m/it/12 Syst^^Reme d'information
 []

<figs/App/Sales_pro.pdf, id=1652, 433.62pt x 216.81pt>
File: figs/App/Sales_pro.pdf Graphic file (type pdf)
<use figs/App/Sales_pro.pdf>
Package pdftex.def Info: figs/App/Sales_pro.pdf  used on input line 229.
(pdftex.def)             Requested size: 433.61894pt x 216.80946pt.
[82

]
<figs/App/Elbow_seg.pdf, id=1657, 433.62pt x 216.81pt>
File: figs/App/Elbow_seg.pdf Graphic file (type pdf)
<use figs/App/Elbow_seg.pdf>
Package pdftex.def Info: figs/App/Elbow_seg.pdf  used on input line 238.
(pdftex.def)             Requested size: 433.61894pt x 216.80946pt.
<figs/Chap5/Elb_clust.pdf, id=1658, 433.62pt x 216.81pt>
File: figs/Chap5/Elb_clust.pdf Graphic file (type pdf)
<use figs/Chap5/Elb_clust.pdf>
Package pdftex.def Info: figs/Chap5/Elb_clust.pdf  used on input line 245.
(pdftex.def)             Requested size: 433.61894pt x 216.80946pt.
) [83] [84 <./figs/App/Simu_ex.pdf>] [85 <./figs/App/Wass_ew.pdf> <./figs/App/O
cc_soil.png (PNG copy)>] [86 <./figs/App/Sales_pro.pdf> <./figs/App/Elbow_seg.p
df>] [87 <./figs/Chap5/Elb_clust.pdf>] (main.ind)

Package natbib Warning: There were undefined citations.

Package minitoc Info: I0009
(minitoc)             Listing minitoc auxiliary files. 
(minitoc)             Creating the main.maf file.
\openout4 = `main.maf'.

Package minitoc(hints) Info: I0053
(minitoc(hints))             You have loaded the float package; 
(minitoc(hints))             please be aware that the minitoc package 
(minitoc(hints))             facilities can not be used for new types 
(minitoc(hints))             of floats defined by the float package.

Package minitoc(hints) Warning: W0024
(minitoc(hints))                Some hints have been written 
(minitoc(hints))                in the main.log file.

[88


] (main.aux (1-Intro/Intro.aux) (2-Chap2/Chap2.aux) (3-Chap3/Chap3.aux)
(4-Chap4/Chap4.aux) (5-Chap5/Chap5.aux) (6-Conclusion/Conclusion.aux)
(7-Appendix/Appendix.aux))

LaTeX Warning: Label(s) may have changed. Rerun to get cross-references right.

Package rerunfilecheck Info: File `main.out' has not changed.
(rerunfilecheck)             Checksum: D4A1A0E1FAC134C58449D8A7ED108C82;13275.
 ) 
Here is how much of TeX's memory you used:
 29576 strings out of 477992
 551341 string characters out of 2826050
 844598 words of memory out of 3000000
 47065 multiletter control sequences out of 15000+600000
 494020 words of font info for 122 fonts, out of 8000000 for 9000
 1141 hyphenation exceptions out of 8191
 104i,21n,120p,2360b,748s stack positions out of 10000i,1000n,20000p,200000b,80000s
 <C:\Users\Clément\AppData\Local\MiKTeX\fonts/pk/ljfour/jknappen/ec/dpi600\t
css1200.pk> <C:\Users\Clément\AppData\Local\MiKTeX\fonts/pk/ljfour/jknappen/ec
/dpi600\tcti1200.pk> <C:\Users\Clément\AppData\Local\MiKTeX\fonts/pk/ljfour/pu
blic/bbm/dpi600\bbm8.pk> <C:\Users\Clément\AppData\Local\MiKTeX\fonts/pk/ljfou
r/public/bbm/dpi600\bbm12.pk> <C:\Users\Clément\AppData\Local\MiKTeX\fonts/pk/
ljfour/jknappen/ec/dpi600\tcrm1200.pk><C:/Users/Clément/AppData/Local/Programs
/MiKTeX/fonts/type1/public/amsfonts/cmextra/cmbsy8.pfb><C:/Users/Clément/AppDa
ta/Local/Programs/MiKTeX/fonts/type1/public/amsfonts/cm/cmbx10.pfb><C:/Users/Cl
ément/AppData/Local/Programs/MiKTeX/fonts/type1/public/amsfonts/cm/cmbx12.pfb>
<C:/Users/Clément/AppData/Local/Programs/MiKTeX/fonts/type1/public/amsfonts/cm
/cmex10.pfb><C:/Users/Clément/AppData/Local/Programs/MiKTeX/fonts/type1/public
/amsfonts/cmextra/cmex8.pfb><C:/Users/Clément/AppData/Local/Programs/MiKTeX/fo
nts/type1/public/amsfonts/cm/cmmi10.pfb><C:/Users/Clément/AppData/Local/Progra
ms/MiKTeX/fonts/type1/public/amsfonts/cm/cmmi12.pfb><C:/Users/Clément/AppData/
Local/Programs/MiKTeX/fonts/type1/public/amsfonts/cm/cmmi6.pfb><C:/Users/Cléme
nt/AppData/Local/Programs/MiKTeX/fonts/type1/public/amsfonts/cm/cmmi8.pfb><C:/U
sers/Clément/AppData/Local/Programs/MiKTeX/fonts/type1/public/amsfonts/cm/cmmi
b10.pfb><C:/Users/Clément/AppData/Local/Programs/MiKTeX/fonts/type1/public/ams
fonts/cmextra/cmmib6.pfb><C:/Users/Clément/AppData/Local/Programs/MiKTeX/fonts
/type1/public/amsfonts/cmextra/cmmib8.pfb><C:/Users/Clément/AppData/Local/Prog
rams/MiKTeX/fonts/type1/public/amsfonts/cm/cmr10.pfb><C:/Users/Clément/AppData
/Local/Programs/MiKTeX/fonts/type1/public/amsfonts/cm/cmr12.pfb><C:/Users/Clém
ent/AppData/Local/Programs/MiKTeX/fonts/type1/public/amsfonts/cm/cmr17.pfb><C:/
Users/Clément/AppData/Local/Programs/MiKTeX/fonts/type1/public/amsfonts/cm/cmr
6.pfb><C:/Users/Clément/AppData/Local/Programs/MiKTeX/fonts/type1/public/amsfo
nts/cm/cmr7.pfb><C:/Users/Clément/AppData/Local/Programs/MiKTeX/fonts/type1/pu
blic/amsfonts/cm/cmr8.pfb><C:/Users/Clément/AppData/Local/Programs/MiKTeX/font
s/type1/public/amsfonts/cm/cmsy10.pfb><C:/Users/Clément/AppData/Local/Programs
/MiKTeX/fonts/type1/public/amsfonts/cm/cmsy6.pfb><C:/Users/Clément/AppData/Loc
al/Programs/MiKTeX/fonts/type1/public/amsfonts/cm/cmsy8.pfb><C:/Users/Clément/
AppData/Local/Programs/MiKTeX/fonts/type1/public/amsfonts/cm/cmti10.pfb><C:/Use
rs/Clément/AppData/Local/Programs/MiKTeX/fonts/type1/public/amsfonts/cm/cmti12
.pfb><C:/Users/Clément/AppData/Local/Programs/MiKTeX/fonts/type1/public/amsfon
ts/cm/cmtt10.pfb><C:/Users/Clément/AppData/Local/Programs/MiKTeX/fonts/type1/p
ublic/amsfonts/cm/cmtt12.pfb><C:/Users/Clément/AppData/Local/Programs/MiKTeX/f
onts/type1/public/amsfonts/symbols/msam10.pfb><C:/Users/Clément/AppData/Local/
Programs/MiKTeX/fonts/type1/public/amsfonts/symbols/msbm10.pfb>
Output written on main.pdf (88 pages, 19252522 bytes).
PDF statistics:
 1929 PDF objects out of 2073 (max. 8388607)
 400 named destinations out of 1000 (max. 500000)
 703 words of extra memory for PDF output out of 10000 (max. 10000000)

